{"/Users/swetha_gumpena/TechUniv/E-Commerce/src/handlers/category.handler.js": {"path":"/Users/swetha_gumpena/TechUniv/E-Commerce/src/handlers/category.handler.js","statementMap":{"0":{"start":{"line":1,"column":24},"end":{"line":1,"column":63}},"1":{"start":{"line":3,"column":25},"end":{"line":7,"column":1}},"2":{"start":{"line":5,"column":2},"end":{"line":5,"column":53}},"3":{"start":{"line":6,"column":2},"end":{"line":6,"column":58}},"4":{"start":{"line":9,"column":20},"end":{"line":12,"column":1}},"5":{"start":{"line":10,"column":19},"end":{"line":10,"column":72}},"6":{"start":{"line":11,"column":2},"end":{"line":11,"column":37}},"7":{"start":{"line":14,"column":17},"end":{"line":17,"column":1}},"8":{"start":{"line":15,"column":16},"end":{"line":15,"column":86}},"9":{"start":{"line":16,"column":2},"end":{"line":16,"column":34}},"10":{"start":{"line":19,"column":0},"end":{"line":23,"column":2}}},"fnMap":{"0":{"name":"(anonymous_0)","decl":{"start":{"line":3,"column":25},"end":{"line":3,"column":26}},"loc":{"start":{"line":3,"column":45},"end":{"line":7,"column":1}},"line":3},"1":{"name":"(anonymous_1)","decl":{"start":{"line":9,"column":20},"end":{"line":9,"column":21}},"loc":{"start":{"line":9,"column":40},"end":{"line":12,"column":1}},"line":9},"2":{"name":"(anonymous_2)","decl":{"start":{"line":14,"column":17},"end":{"line":14,"column":18}},"loc":{"start":{"line":14,"column":37},"end":{"line":17,"column":1}},"line":14}},"branchMap":{},"s":{"0":1,"1":1,"2":1,"3":1,"4":1,"5":1,"6":1,"7":1,"8":1,"9":1,"10":1},"f":{"0":1,"1":1,"2":1},"b":{},"_coverageSchema":"1a1c01bbd47fc00a2c39e90264f33305004495a9","hash":"73439df5c629b218051ec49387a7ab6ed6826a42"}
,"/Users/swetha_gumpena/TechUniv/E-Commerce/src/models/category.js": {"path":"/Users/swetha_gumpena/TechUniv/E-Commerce/src/models/category.js","statementMap":{"0":{"start":{"line":3,"column":4},"end":{"line":3,"column":24}},"1":{"start":{"line":5,"column":0},"end":{"line":25,"column":2}},"2":{"start":{"line":16,"column":2},"end":{"line":23,"column":5}},"3":{"start":{"line":24,"column":2},"end":{"line":24,"column":18}}},"fnMap":{"0":{"name":"(anonymous_0)","decl":{"start":{"line":5,"column":17},"end":{"line":5,"column":18}},"loc":{"start":{"line":5,"column":43},"end":{"line":25,"column":1}},"line":5},"1":{"name":"(anonymous_1)","decl":{"start":{"line":12,"column":4},"end":{"line":12,"column":5}},"loc":{"start":{"line":12,"column":29},"end":{"line":14,"column":5}},"line":12}},"branchMap":{},"s":{"0":2,"1":2,"2":2,"3":2},"f":{"0":2,"1":2},"b":{},"_coverageSchema":"1a1c01bbd47fc00a2c39e90264f33305004495a9","hash":"2127a114f766a93ca5aa56715c1ad9e6be0d4411"}
,"/Users/swetha_gumpena/TechUniv/E-Commerce/src/models/index.js": {"path":"/Users/swetha_gumpena/TechUniv/E-Commerce/src/models/index.js","statementMap":{"0":{"start":{"line":1,"column":11},"end":{"line":1,"column":24}},"1":{"start":{"line":2,"column":13},"end":{"line":2,"column":28}},"2":{"start":{"line":3,"column":18},"end":{"line":3,"column":38}},"3":{"start":{"line":5,"column":17},"end":{"line":5,"column":42}},"4":{"start":{"line":6,"column":12},"end":{"line":6,"column":49}},"5":{"start":{"line":7,"column":15},"end":{"line":7,"column":65}},"6":{"start":{"line":8,"column":11},"end":{"line":8,"column":13}},"7":{"start":{"line":11,"column":0},"end":{"line":15,"column":1}},"8":{"start":{"line":12,"column":2},"end":{"line":12,"column":74}},"9":{"start":{"line":14,"column":2},"end":{"line":14,"column":87}},"10":{"start":{"line":17,"column":0},"end":{"line":23,"column":5}},"11":{"start":{"line":19,"column":20},"end":{"line":19,"column":98}},"12":{"start":{"line":21,"column":18},"end":{"line":21,"column":85}},"13":{"start":{"line":22,"column":4},"end":{"line":22,"column":27}},"14":{"start":{"line":25,"column":0},"end":{"line":29,"column":3}},"15":{"start":{"line":26,"column":2},"end":{"line":28,"column":3}},"16":{"start":{"line":27,"column":4},"end":{"line":27,"column":32}},"17":{"start":{"line":31,"column":0},"end":{"line":31,"column":25}},"18":{"start":{"line":32,"column":0},"end":{"line":32,"column":25}},"19":{"start":{"line":34,"column":0},"end":{"line":34,"column":20}}},"fnMap":{"0":{"name":"(anonymous_0)","decl":{"start":{"line":19,"column":10},"end":{"line":19,"column":11}},"loc":{"start":{"line":19,"column":20},"end":{"line":19,"column":98}},"line":19},"1":{"name":"(anonymous_1)","decl":{"start":{"line":20,"column":11},"end":{"line":20,"column":12}},"loc":{"start":{"line":20,"column":21},"end":{"line":23,"column":3}},"line":20},"2":{"name":"(anonymous_2)","decl":{"start":{"line":25,"column":24},"end":{"line":25,"column":25}},"loc":{"start":{"line":25,"column":39},"end":{"line":29,"column":1}},"line":25}},"branchMap":{"0":{"loc":{"start":{"line":6,"column":12},"end":{"line":6,"column":49}},"type":"binary-expr","locations":[{"start":{"line":6,"column":12},"end":{"line":6,"column":32}},{"start":{"line":6,"column":36},"end":{"line":6,"column":49}}],"line":6},"1":{"loc":{"start":{"line":11,"column":0},"end":{"line":15,"column":1}},"type":"if","locations":[{"start":{"line":11,"column":0},"end":{"line":15,"column":1}},{"start":{"line":11,"column":0},"end":{"line":15,"column":1}}],"line":11},"2":{"loc":{"start":{"line":19,"column":20},"end":{"line":19,"column":98}},"type":"binary-expr","locations":[{"start":{"line":19,"column":21},"end":{"line":19,"column":44}},{"start":{"line":19,"column":50},"end":{"line":19,"column":67}},{"start":{"line":19,"column":73},"end":{"line":19,"column":97}}],"line":19},"3":{"loc":{"start":{"line":26,"column":2},"end":{"line":28,"column":3}},"type":"if","locations":[{"start":{"line":26,"column":2},"end":{"line":28,"column":3}},{"start":{"line":26,"column":2},"end":{"line":28,"column":3}}],"line":26}},"s":{"0":2,"1":2,"2":2,"3":2,"4":2,"5":2,"6":2,"7":2,"8":0,"9":2,"10":2,"11":6,"12":4,"13":4,"14":2,"15":4,"16":4,"17":2,"18":2,"19":2},"f":{"0":6,"1":4,"2":4},"b":{"0":[2,0],"1":[0,2],"2":[6,6,4],"3":[4,0]},"_coverageSchema":"1a1c01bbd47fc00a2c39e90264f33305004495a9","hash":"dd8b0c88c440578a870b61e71571cfae77a11573"}
,"/Users/swetha_gumpena/TechUniv/E-Commerce/src/models/item.js": {"path":"/Users/swetha_gumpena/TechUniv/E-Commerce/src/models/item.js","statementMap":{"0":{"start":{"line":3,"column":4},"end":{"line":3,"column":24}},"1":{"start":{"line":5,"column":0},"end":{"line":27,"column":2}},"2":{"start":{"line":16,"column":2},"end":{"line":25,"column":5}},"3":{"start":{"line":26,"column":2},"end":{"line":26,"column":14}}},"fnMap":{"0":{"name":"(anonymous_0)","decl":{"start":{"line":5,"column":17},"end":{"line":5,"column":18}},"loc":{"start":{"line":5,"column":43},"end":{"line":27,"column":1}},"line":5},"1":{"name":"(anonymous_1)","decl":{"start":{"line":12,"column":4},"end":{"line":12,"column":5}},"loc":{"start":{"line":12,"column":29},"end":{"line":14,"column":5}},"line":12}},"branchMap":{},"s":{"0":2,"1":2,"2":2,"3":2},"f":{"0":2,"1":2},"b":{},"_coverageSchema":"1a1c01bbd47fc00a2c39e90264f33305004495a9","hash":"230509865ddc6236808f96e11dec1ac46a28d248"}
,"/Users/swetha_gumpena/TechUniv/E-Commerce/src/services/category.service.js": {"path":"/Users/swetha_gumpena/TechUniv/E-Commerce/src/services/category.service.js","statementMap":{"0":{"start":{"line":2,"column":14},"end":{"line":2,"column":38}},"1":{"start":{"line":3,"column":21},"end":{"line":3,"column":41}},"2":{"start":{"line":4,"column":17},"end":{"line":4,"column":37}},"3":{"start":{"line":6,"column":21},"end":{"line":29,"column":1}},"4":{"start":{"line":7,"column":2},"end":{"line":28,"column":5}},"5":{"start":{"line":8,"column":4},"end":{"line":10,"column":7}},"6":{"start":{"line":11,"column":21},"end":{"line":11,"column":116}},"7":{"start":{"line":12,"column":4},"end":{"line":12,"column":26}},"8":{"start":{"line":13,"column":30},"end":{"line":16,"column":6}},"9":{"start":{"line":15,"column":129},"end":{"line":15,"column":151}},"10":{"start":{"line":17,"column":21},"end":{"line":17,"column":64}},"11":{"start":{"line":17,"column":59},"end":{"line":17,"column":63}},"12":{"start":{"line":18,"column":4},"end":{"line":27,"column":7}},"13":{"start":{"line":19,"column":6},"end":{"line":21,"column":9}},"14":{"start":{"line":22,"column":19},"end":{"line":22,"column":107}},"15":{"start":{"line":23,"column":27},"end":{"line":26,"column":8}},"16":{"start":{"line":25,"column":174},"end":{"line":25,"column":194}},"17":{"start":{"line":31,"column":19},"end":{"line":54,"column":1}},"18":{"start":{"line":32,"column":19},"end":{"line":34,"column":4}},"19":{"start":{"line":35,"column":19},"end":{"line":39,"column":3}},"20":{"start":{"line":40,"column":2},"end":{"line":52,"column":5}},"21":{"start":{"line":41,"column":20},"end":{"line":41,"column":33}},"22":{"start":{"line":42,"column":4},"end":{"line":51,"column":7}},"23":{"start":{"line":43,"column":20},"end":{"line":43,"column":33}},"24":{"start":{"line":44,"column":6},"end":{"line":50,"column":7}},"25":{"start":{"line":45,"column":8},"end":{"line":45,"column":91}},"26":{"start":{"line":45,"column":57},"end":{"line":45,"column":89}},"27":{"start":{"line":46,"column":13},"end":{"line":50,"column":7}},"28":{"start":{"line":47,"column":8},"end":{"line":47,"column":85}},"29":{"start":{"line":47,"column":54},"end":{"line":47,"column":85}},"30":{"start":{"line":48,"column":13},"end":{"line":50,"column":7}},"31":{"start":{"line":49,"column":8},"end":{"line":49,"column":87}},"32":{"start":{"line":49,"column":55},"end":{"line":49,"column":87}},"33":{"start":{"line":53,"column":2},"end":{"line":53,"column":18}},"34":{"start":{"line":56,"column":17},"end":{"line":70,"column":1}},"35":{"start":{"line":57,"column":24},"end":{"line":59,"column":4}},"36":{"start":{"line":61,"column":2},"end":{"line":68,"column":3}},"37":{"start":{"line":62,"column":29},"end":{"line":62,"column":138}},"38":{"start":{"line":62,"column":60},"end":{"line":62,"column":137}},"39":{"start":{"line":62,"column":92},"end":{"line":62,"column":136}},"40":{"start":{"line":63,"column":4},"end":{"line":65,"column":5}},"41":{"start":{"line":64,"column":6},"end":{"line":64,"column":27}},"42":{"start":{"line":66,"column":18},"end":{"line":66,"column":63}},"43":{"start":{"line":66,"column":49},"end":{"line":66,"column":62}},"44":{"start":{"line":67,"column":4},"end":{"line":67,"column":17}},"45":{"start":{"line":69,"column":2},"end":{"line":69,"column":23}},"46":{"start":{"line":72,"column":0},"end":{"line":76,"column":2}}},"fnMap":{"0":{"name":"(anonymous_0)","decl":{"start":{"line":6,"column":21},"end":{"line":6,"column":22}},"loc":{"start":{"line":6,"column":48},"end":{"line":29,"column":1}},"line":6},"1":{"name":"(anonymous_1)","decl":{"start":{"line":7,"column":22},"end":{"line":7,"column":23}},"loc":{"start":{"line":7,"column":41},"end":{"line":28,"column":3}},"line":7},"2":{"name":"(anonymous_2)","decl":{"start":{"line":15,"column":117},"end":{"line":15,"column":118}},"loc":{"start":{"line":15,"column":129},"end":{"line":15,"column":151}},"line":15},"3":{"name":"(anonymous_3)","decl":{"start":{"line":17,"column":52},"end":{"line":17,"column":53}},"loc":{"start":{"line":17,"column":59},"end":{"line":17,"column":63}},"line":17},"4":{"name":"(anonymous_4)","decl":{"start":{"line":18,"column":17},"end":{"line":18,"column":18}},"loc":{"start":{"line":18,"column":37},"end":{"line":27,"column":5}},"line":18},"5":{"name":"(anonymous_5)","decl":{"start":{"line":25,"column":164},"end":{"line":25,"column":165}},"loc":{"start":{"line":25,"column":174},"end":{"line":25,"column":194}},"line":25},"6":{"name":"(anonymous_6)","decl":{"start":{"line":31,"column":19},"end":{"line":31,"column":20}},"loc":{"start":{"line":31,"column":43},"end":{"line":54,"column":1}},"line":31},"7":{"name":"(anonymous_7)","decl":{"start":{"line":40,"column":15},"end":{"line":40,"column":16}},"loc":{"start":{"line":40,"column":25},"end":{"line":52,"column":3}},"line":40},"8":{"name":"(anonymous_8)","decl":{"start":{"line":42,"column":16},"end":{"line":42,"column":17}},"loc":{"start":{"line":42,"column":23},"end":{"line":51,"column":5}},"line":42},"9":{"name":"(anonymous_9)","decl":{"start":{"line":56,"column":17},"end":{"line":56,"column":18}},"loc":{"start":{"line":56,"column":51},"end":{"line":70,"column":1}},"line":56},"10":{"name":"(anonymous_10)","decl":{"start":{"line":62,"column":50},"end":{"line":62,"column":51}},"loc":{"start":{"line":62,"column":60},"end":{"line":62,"column":137}},"line":62},"11":{"name":"(anonymous_11)","decl":{"start":{"line":62,"column":79},"end":{"line":62,"column":80}},"loc":{"start":{"line":62,"column":92},"end":{"line":62,"column":136}},"line":62},"12":{"name":"(anonymous_12)","decl":{"start":{"line":66,"column":39},"end":{"line":66,"column":40}},"loc":{"start":{"line":66,"column":49},"end":{"line":66,"column":62}},"line":66}},"branchMap":{"0":{"loc":{"start":{"line":44,"column":6},"end":{"line":50,"column":7}},"type":"if","locations":[{"start":{"line":44,"column":6},"end":{"line":50,"column":7}},{"start":{"line":44,"column":6},"end":{"line":50,"column":7}}],"line":44},"1":{"loc":{"start":{"line":45,"column":8},"end":{"line":45,"column":91}},"type":"if","locations":[{"start":{"line":45,"column":8},"end":{"line":45,"column":91}},{"start":{"line":45,"column":8},"end":{"line":45,"column":91}}],"line":45},"2":{"loc":{"start":{"line":46,"column":13},"end":{"line":50,"column":7}},"type":"if","locations":[{"start":{"line":46,"column":13},"end":{"line":50,"column":7}},{"start":{"line":46,"column":13},"end":{"line":50,"column":7}}],"line":46},"3":{"loc":{"start":{"line":47,"column":8},"end":{"line":47,"column":85}},"type":"if","locations":[{"start":{"line":47,"column":8},"end":{"line":47,"column":85}},{"start":{"line":47,"column":8},"end":{"line":47,"column":85}}],"line":47},"4":{"loc":{"start":{"line":48,"column":13},"end":{"line":50,"column":7}},"type":"if","locations":[{"start":{"line":48,"column":13},"end":{"line":50,"column":7}},{"start":{"line":48,"column":13},"end":{"line":50,"column":7}}],"line":48},"5":{"loc":{"start":{"line":49,"column":8},"end":{"line":49,"column":87}},"type":"if","locations":[{"start":{"line":49,"column":8},"end":{"line":49,"column":87}},{"start":{"line":49,"column":8},"end":{"line":49,"column":87}}],"line":49},"6":{"loc":{"start":{"line":61,"column":2},"end":{"line":68,"column":3}},"type":"if","locations":[{"start":{"line":61,"column":2},"end":{"line":68,"column":3}},{"start":{"line":61,"column":2},"end":{"line":68,"column":3}}],"line":61},"7":{"loc":{"start":{"line":63,"column":4},"end":{"line":65,"column":5}},"type":"if","locations":[{"start":{"line":63,"column":4},"end":{"line":65,"column":5}},{"start":{"line":63,"column":4},"end":{"line":65,"column":5}}],"line":63}},"s":{"0":2,"1":2,"2":2,"3":2,"4":1,"5":2,"6":0,"7":0,"8":0,"9":0,"10":0,"11":0,"12":0,"13":0,"14":0,"15":0,"16":0,"17":2,"18":0,"19":0,"20":0,"21":0,"22":0,"23":0,"24":0,"25":0,"26":0,"27":0,"28":0,"29":0,"30":0,"31":0,"32":0,"33":0,"34":2,"35":0,"36":0,"37":0,"38":0,"39":0,"40":0,"41":0,"42":0,"43":0,"44":0,"45":0,"46":2},"f":{"0":1,"1":2,"2":0,"3":0,"4":0,"5":0,"6":0,"7":0,"8":0,"9":0,"10":0,"11":0,"12":0},"b":{"0":[0,0],"1":[0,0],"2":[0,0],"3":[0,0],"4":[0,0],"5":[0,0],"6":[0,0],"7":[0,0]},"_coverageSchema":"1a1c01bbd47fc00a2c39e90264f33305004495a9","hash":"5101b24f63a2af9c9e27ddedf0a0a8c3b61936f3"}
}
